<?xml version="1.0" encoding="UTF-8"?>
<!-- Generated by org.testng.reporters.JUnitReportReporter -->
<testsuite skipped="0" hostname="BDC6-D-870MX52" name="TestNG.firsttesting" tests="1" failures="0" timestamp="22 Jan 2020 03:42:17 GMT" time="22.860" errors="1">
  <testcase name="verifyHomepageTitle" time="22.860" classname="TestNG.firsttesting">
    <error type="org.openqa.selenium.SessionNotCreatedException" message="session not created
from chrome not reachable
  (Session info: chrome=79.0.3945.117)
Build info: version: &#039;3.141.59&#039;, revision: &#039;e82be7d358&#039;, time: &#039;2018-11-14T08:17:03&#039;
System info: host: &#039;BDC6-D-870MX52&#039;, ip: &#039;10.116.208.147&#039;, os.name: &#039;Windows 10&#039;, os.arch: &#039;amd64&#039;, os.version: &#039;10.0&#039;, java.version: &#039;1.8.0_231&#039;
Driver info: driver.version: ChromeDriver
remote stacktrace: Backtrace:
	Ordinal0 [0x00C9A113+1548563]
	Ordinal0 [0x00C1DDA1+1039777]
	Ordinal0 [0x00B9E32E+516910]
	Ordinal0 [0x00B98012+491538]
	Ordinal0 [0x00B986EB+493291]
	Ordinal0 [0x00B99855+497749]
	Ordinal0 [0x00B95885+481413]
	Ordinal0 [0x00B9F0D0+520400]
	Ordinal0 [0x00B4C030+180272]
	Ordinal0 [0x00B4B59D+177565]
	Ordinal0 [0x00B495FB+169467]
	Ordinal0 [0x00B3160A+71178]
	Ordinal0 [0x00B32690+75408]
	Ordinal0 [0x00B32629+75305]
	Ordinal0 [0x00C371B7+1143223]
	GetHandleVerifier [0x00D32B46+507814]
	GetHandleVerifier [0x00D32864+507076]
	GetHandleVerifier [0x00D39F47+537511]
	GetHandleVerifier [0x00D33402+510050]
	Ordinal0 [0x00C2F29C+1110684]
	Ordinal0 [0x00C3938B+1151883]
	Ordinal0 [0x00C394F3+1152243]
	Ordinal0 [0x00C383F5+1147893]
	BaseThreadInitThunk [0x76426359+25]
	RtlGetAppContainerNamedObjectPath [0x77177B74+228]
	RtlGetAppContainerNamedObjectPath [0x77177B44+180]
">
      <![CDATA[org.openqa.selenium.SessionNotCreatedException: session not created
from chrome not reachable
  (Session info: chrome=79.0.3945.117)
Build info: version: '3.141.59', revision: 'e82be7d358', time: '2018-11-14T08:17:03'
System info: host: 'BDC6-D-870MX52', ip: '10.116.208.147', os.name: 'Windows 10', os.arch: 'amd64', os.version: '10.0', java.version: '1.8.0_231'
Driver info: driver.version: ChromeDriver
remote stacktrace: Backtrace:
Ordinal0 [0x00C9A113+1548563]
Ordinal0 [0x00C1DDA1+1039777]
Ordinal0 [0x00B9E32E+516910]
Ordinal0 [0x00B98012+491538]
Ordinal0 [0x00B986EB+493291]
Ordinal0 [0x00B99855+497749]
Ordinal0 [0x00B95885+481413]
Ordinal0 [0x00B9F0D0+520400]
Ordinal0 [0x00B4C030+180272]
Ordinal0 [0x00B4B59D+177565]
Ordinal0 [0x00B495FB+169467]
Ordinal0 [0x00B3160A+71178]
Ordinal0 [0x00B32690+75408]
Ordinal0 [0x00B32629+75305]
Ordinal0 [0x00C371B7+1143223]
GetHandleVerifier [0x00D32B46+507814]
GetHandleVerifier [0x00D32864+507076]
GetHandleVerifier [0x00D39F47+537511]
GetHandleVerifier [0x00D33402+510050]
Ordinal0 [0x00C2F29C+1110684]
Ordinal0 [0x00C3938B+1151883]
Ordinal0 [0x00C394F3+1152243]
Ordinal0 [0x00C383F5+1147893]
BaseThreadInitThunk [0x76426359+25]
RtlGetAppContainerNamedObjectPath [0x77177B74+228]
RtlGetAppContainerNamedObjectPath [0x77177B44+180]

at sun.reflect.NativeConstructorAccessorImpl.newInstance0(Native Method)
at sun.reflect.NativeConstructorAccessorImpl.newInstance(NativeConstructorAccessorImpl.java:62)
at sun.reflect.DelegatingConstructorAccessorImpl.newInstance(DelegatingConstructorAccessorImpl.java:45)
at java.lang.reflect.Constructor.newInstance(Constructor.java:423)
at org.openqa.selenium.remote.W3CHandshakeResponse.lambda$errorHandler$0(W3CHandshakeResponse.java:62)
at org.openqa.selenium.remote.HandshakeResponse.lambda$getResponseFunction$0(HandshakeResponse.java:30)
at org.openqa.selenium.remote.ProtocolHandshake.lambda$createSession$0(ProtocolHandshake.java:126)
at java.util.stream.ReferencePipeline$3$1.accept(ReferencePipeline.java:193)
at java.util.Spliterators$ArraySpliterator.tryAdvance(Spliterators.java:958)
at java.util.stream.ReferencePipeline.forEachWithCancel(ReferencePipeline.java:126)
at java.util.stream.AbstractPipeline.copyIntoWithCancel(AbstractPipeline.java:499)
at java.util.stream.AbstractPipeline.copyInto(AbstractPipeline.java:486)
at java.util.stream.AbstractPipeline.wrapAndCopyInto(AbstractPipeline.java:472)
at java.util.stream.FindOps$FindOp.evaluateSequential(FindOps.java:152)
at java.util.stream.AbstractPipeline.evaluate(AbstractPipeline.java:234)
at java.util.stream.ReferencePipeline.findFirst(ReferencePipeline.java:464)
at org.openqa.selenium.remote.ProtocolHandshake.createSession(ProtocolHandshake.java:128)
at org.openqa.selenium.remote.ProtocolHandshake.createSession(ProtocolHandshake.java:74)
at org.openqa.selenium.remote.HttpCommandExecutor.execute(HttpCommandExecutor.java:136)
at org.openqa.selenium.remote.service.DriverCommandExecutor.execute(DriverCommandExecutor.java:83)
at org.openqa.selenium.remote.RemoteWebDriver.execute(RemoteWebDriver.java:552)
at org.openqa.selenium.remote.RemoteWebDriver.startSession(RemoteWebDriver.java:213)
at org.openqa.selenium.remote.RemoteWebDriver.<init>(RemoteWebDriver.java:131)
at org.openqa.selenium.chrome.ChromeDriver.<init>(ChromeDriver.java:181)
at org.openqa.selenium.chrome.ChromeDriver.<init>(ChromeDriver.java:168)
at org.openqa.selenium.chrome.ChromeDriver.<init>(ChromeDriver.java:123)
at TestNG.firsttesting.verifyHomepageTitle(firsttesting.java:22)
at sun.reflect.NativeMethodAccessorImpl.invoke0(Native Method)
at sun.reflect.NativeMethodAccessorImpl.invoke(NativeMethodAccessorImpl.java:62)
at sun.reflect.DelegatingMethodAccessorImpl.invoke(DelegatingMethodAccessorImpl.java:43)
at java.lang.reflect.Method.invoke(Method.java:498)
at org.testng.internal.MethodInvocationHelper.invokeMethod(MethodInvocationHelper.java:124)
at org.testng.internal.Invoker.invokeMethod(Invoker.java:583)
at org.testng.internal.Invoker.invokeTestMethod(Invoker.java:719)
at org.testng.internal.Invoker.invokeTestMethods(Invoker.java:989)
at org.testng.internal.TestMethodWorker.invokeTestMethods(TestMethodWorker.java:125)
at org.testng.internal.TestMethodWorker.run(TestMethodWorker.java:109)
at org.testng.TestRunner.privateRun(TestRunner.java:648)
at org.testng.TestRunner.run(TestRunner.java:505)
at org.testng.SuiteRunner.runTest(SuiteRunner.java:455)
at org.testng.SuiteRunner.runSequentially(SuiteRunner.java:450)
at org.testng.SuiteRunner.privateRun(SuiteRunner.java:415)
at org.testng.SuiteRunner.run(SuiteRunner.java:364)
at org.testng.SuiteRunnerWorker.runSuite(SuiteRunnerWorker.java:52)
at org.testng.SuiteRunnerWorker.run(SuiteRunnerWorker.java:84)
at org.testng.TestNG.runSuitesSequentially(TestNG.java:1208)
at org.testng.TestNG.runSuitesLocally(TestNG.java:1137)
at org.testng.TestNG.runSuites(TestNG.java:1049)
at org.testng.TestNG.run(TestNG.java:1017)
at org.testng.remote.AbstractRemoteTestNG.run(AbstractRemoteTestNG.java:115)
at org.testng.remote.RemoteTestNG.initAndRun(RemoteTestNG.java:251)
at org.testng.remote.RemoteTestNG.main(RemoteTestNG.java:77)
]]>
    </error>
  </testcase> <!-- verifyHomepageTitle -->
</testsuite> <!-- TestNG.firsttesting -->
